2025-04-12 09:00:13 Loading main app package /usr/lib/obsidian/obsidian.asar
2025-04-12 09:00:13 Checking for update using Github
2025-04-12 09:00:13 Success.
2025-04-12 09:00:13 Latest version is 1.8.9
2025-04-12 09:00:13 App is up to date.
2025-04-12 10:00:13 Checking for update using Github
2025-04-12 10:00:13 Success.
2025-04-12 10:00:13 Latest version is 1.8.9
2025-04-12 10:00:13 App is up to date.
2025-04-12 11:00:13 Checking for update using Github
2025-04-12 11:00:13 Success.
2025-04-12 11:00:13 Latest version is 1.8.9
2025-04-12 11:00:13 App is up to date.
2025-04-12 21:46:26 Loading main app package /usr/lib/obsidian/obsidian.asar
2025-04-12 21:46:26 Checking for update using Github
2025-04-12 21:46:26 Success.
2025-04-12 21:46:26 Latest version is 1.8.9
2025-04-12 21:46:26 App is up to date.
2025-04-12 21:46:50 Loading main app package /usr/lib/obsidian/obsidian.asar
2025-04-12 21:46:50 Checking for update using Github
2025-04-12 21:46:50 Success.
2025-04-12 21:46:50 Latest version is 1.8.9
2025-04-12 21:46:50 App is up to date.
2025-04-12 22:46:50 Checking for update using Github
2025-04-12 22:46:50 Success.
2025-04-12 22:46:50 Latest version is 1.8.9
2025-04-12 22:46:50 App is up to date.
2025-04-12 23:46:50 Checking for update using Github
2025-04-12 23:46:50 Success.
2025-04-12 23:46:50 Latest version is 1.8.9
2025-04-12 23:46:50 App is up to date.
2025-04-13 00:16:09 Loading main app package /usr/lib/obsidian/obsidian.asar
2025-04-13 00:16:09 Checking for update using Github
2025-04-13 00:16:34 Loading main app package /usr/lib/obsidian/obsidian.asar
2025-04-13 00:16:34 Checking for update using Github
2025-04-13 00:16:49 Loading main app package /usr/lib/obsidian/obsidian.asar
2025-04-13 00:16:50 Checking for update using Github
2025-04-13 00:16:55 Loading main app package /usr/lib/obsidian/obsidian.asar
2025-04-13 00:16:55 Checking for update using Github
2025-04-13 00:17:42 Loading main app package /usr/lib/obsidian/obsidian.asar
2025-04-13 00:17:42 Checking for update using Github
2025-04-13 00:17:48 Loading main app package /usr/lib/obsidian/obsidian.asar
2025-04-13 00:17:48 Checking for update using Github
2025-04-13 00:46:50 Checking for update using Github
2025-04-13 00:46:50 Success.
2025-04-13 00:46:50 Latest version is 1.8.9
2025-04-13 00:46:50 App is up to date.
2025-04-13 00:56:43 Loading main app package /usr/lib/obsidian/obsidian.asar
2025-04-13 00:56:43 Checking for update using Github
2025-04-13 01:46:50 Checking for update using Github
2025-04-13 01:46:50 Success.
2025-04-13 01:46:50 Latest version is 1.8.9
2025-04-13 01:46:50 App is up to date.
2025-04-13 02:46:50 Checking for update using Github
2025-04-13 02:46:50 Success.
2025-04-13 02:46:50 Latest version is 1.8.9
2025-04-13 02:46:50 App is up to date.
2025-04-13 03:46:50 Checking for update using Github
2025-04-13 03:46:50 Success.
2025-04-13 03:46:50 Latest version is 1.8.9
2025-04-13 03:46:50 App is up to date.
2025-04-13 04:46:50 Checking for update using Github
2025-04-13 04:46:50 Success.
2025-04-13 04:46:50 Latest version is 1.8.9
2025-04-13 04:46:50 App is up to date.
2025-04-13 05:46:50 Checking for update using Github
2025-04-13 05:46:50 Success.
2025-04-13 05:46:50 Latest version is 1.8.9
2025-04-13 05:46:50 App is up to date.
2025-04-13 06:37:52 Loading main app package /usr/lib/obsidian/obsidian.asar
2025-04-13 06:37:53 Checking for update using Github
2025-04-13 06:38:06 Loading main app package /usr/lib/obsidian/obsidian.asar
2025-04-13 06:38:06 Checking for update using Github
2025-04-13 06:46:50 Checking for update using Github
2025-04-13 06:46:50 Success.
2025-04-13 06:46:50 Latest version is 1.8.9
2025-04-13 06:46:50 App is up to date.
2025-04-13 07:46:50 Checking for update using Github
2025-04-13 07:46:50 Success.
2025-04-13 07:46:50 Latest version is 1.8.9
2025-04-13 07:46:50 App is up to date.
2025-04-13 08:46:50 Checking for update using Github
2025-04-13 08:46:50 Success.
2025-04-13 08:46:50 Latest version is 1.8.9
2025-04-13 08:46:50 App is up to date.
2025-04-13 09:46:50 Checking for update using Github
2025-04-13 09:46:50 Success.
2025-04-13 09:46:50 Latest version is 1.8.9
2025-04-13 09:46:50 App is up to date.
2025-04-13 10:46:50 Checking for update using Github
2025-04-13 10:46:50 Success.
2025-04-13 10:46:50 Latest version is 1.8.9
2025-04-13 10:46:50 App is up to date.
2025-04-13 11:46:50 Checking for update using Github
2025-04-13 11:46:50 Success.
2025-04-13 11:46:50 Latest version is 1.8.9
2025-04-13 11:46:50 App is up to date.
2025-04-13 12:46:50 Checking for update using Github
2025-04-13 12:46:50 Success.
2025-04-13 12:46:50 Latest version is 1.8.9
2025-04-13 12:46:50 App is up to date.
2025-04-13 13:46:50 Checking for update using Github
2025-04-13 13:46:50 Success.
2025-04-13 13:46:50 Latest version is 1.8.9
2025-04-13 13:46:50 App is up to date.
2025-04-13 14:46:50 Checking for update using Github
2025-04-13 14:46:50 Success.
2025-04-13 14:46:50 Latest version is 1.8.9
2025-04-13 14:46:50 App is up to date.
2025-04-13 15:46:50 Checking for update using Github
2025-04-13 15:46:50 Success.
2025-04-13 15:46:50 Latest version is 1.8.9
2025-04-13 15:46:50 App is up to date.
2025-04-13 16:46:50 Checking for update using Github
2025-04-13 16:46:50 Success.
2025-04-13 16:46:50 Latest version is 1.8.9
2025-04-13 16:46:50 App is up to date.
2025-04-13 17:46:50 Checking for update using Github
2025-04-13 17:46:50 Success.
2025-04-13 17:46:50 Latest version is 1.8.9
2025-04-13 17:46:50 App is up to date.
2025-04-13 18:46:50 Checking for update using Github
2025-04-13 18:46:50 Success.
2025-04-13 18:46:50 Latest version is 1.8.9
2025-04-13 18:46:50 App is up to date.
2025-04-13 19:46:50 Checking for update using Github
2025-04-13 19:46:50 Success.
2025-04-13 19:46:50 Latest version is 1.8.9
2025-04-13 19:46:50 App is up to date.
2025-04-13 20:46:50 Checking for update using Github
2025-04-13 20:46:50 Success.
2025-04-13 20:46:50 Latest version is 1.8.9
2025-04-13 20:46:50 App is up to date.
2025-04-13 21:46:50 Checking for update using Github
2025-04-13 21:46:50 Success.
2025-04-13 21:46:50 Latest version is 1.8.9
2025-04-13 21:46:50 App is up to date.
2025-04-13 22:46:50 Checking for update using Github
2025-04-13 22:46:50 Success.
2025-04-13 22:46:50 Latest version is 1.8.9
2025-04-13 22:46:50 App is up to date.
2025-04-13 23:46:50 Checking for update using Github
2025-04-13 23:46:50 Success.
2025-04-13 23:46:50 Latest version is 1.8.9
2025-04-13 23:46:50 App is up to date.
2025-04-14 00:42:50 Loading main app package /usr/lib/obsidian/obsidian.asar
2025-04-14 00:42:50 Checking for update using Github
2025-04-14 00:46:50 Checking for update using Github
2025-04-14 00:46:50 Success.
2025-04-14 00:46:50 Latest version is 1.8.9
2025-04-14 00:46:50 App is up to date.
2025-04-14 01:46:50 Checking for update using Github
2025-04-14 01:46:50 Success.
2025-04-14 01:46:50 Latest version is 1.8.9
2025-04-14 01:46:50 App is up to date.
2025-04-14 02:46:50 Checking for update using Github
2025-04-14 02:46:50 Success.
2025-04-14 02:46:50 Latest version is 1.8.9
2025-04-14 02:46:50 App is up to date.
2025-04-14 03:46:50 Checking for update using Github
2025-04-14 03:46:50 Success.
2025-04-14 03:46:50 Latest version is 1.8.9
2025-04-14 03:46:50 App is up to date.
2025-04-14 04:46:50 Checking for update using Github
2025-04-14 04:46:50 Success.
2025-04-14 04:46:50 Latest version is 1.8.9
2025-04-14 04:46:50 App is up to date.
2025-04-14 05:46:50 Checking for update using Github
2025-04-14 05:46:50 Success.
2025-04-14 05:46:50 Latest version is 1.8.9
2025-04-14 05:46:50 App is up to date.
2025-04-14 06:46:50 Checking for update using Github
2025-04-14 06:46:50 Success.
2025-04-14 06:46:50 Latest version is 1.8.9
2025-04-14 06:46:50 App is up to date.
2025-04-14 07:46:50 Checking for update using Github
2025-04-14 07:46:50 Success.
2025-04-14 07:46:50 Latest version is 1.8.9
2025-04-14 07:46:50 App is up to date.
2025-04-14 07:50:39 Loading main app package /usr/lib/obsidian/obsidian.asar
2025-04-14 07:50:39 Checking for update using Github
2025-04-14 07:50:56 Loading main app package /usr/lib/obsidian/obsidian.asar
2025-04-14 07:50:56 Checking for update using Github
2025-04-14 07:51:08 Loading main app package /usr/lib/obsidian/obsidian.asar
2025-04-14 07:51:08 Checking for update using Github
2025-04-14 07:51:39 Loading main app package /usr/lib/obsidian/obsidian.asar
2025-04-14 07:51:39 Checking for update using Github
2025-04-14 07:51:47 Loading main app package /usr/lib/obsidian/obsidian.asar
2025-04-14 07:51:47 Checking for update using Github
2025-04-14 07:54:12 Loading main app package /usr/lib/obsidian/obsidian.asar
2025-04-14 07:54:12 Checking for update using Github
2025-04-14 07:55:01 Loading main app package /usr/lib/obsidian/obsidian.asar
2025-04-14 07:55:01 Checking for update using Github
2025-04-14 08:46:50 Checking for update using Github
2025-04-14 08:46:50 Success.
2025-04-14 08:46:50 Latest version is 1.8.9
2025-04-14 08:46:50 App is up to date.
2025-04-14 12:06:35 Loading main app package /usr/lib/obsidian/obsidian.asar
2025-04-14 12:06:35 Checking for update using Github
2025-04-14 12:06:36 Success.
2025-04-14 12:06:36 Latest version is 1.8.9
2025-04-14 12:06:36 App is up to date.
2025-04-14 13:24:55 Loading main app package /usr/lib/obsidian/obsidian.asar
2025-04-14 13:24:55 Checking for update using Github
2025-04-14 13:24:55 Success.
2025-04-14 13:24:55 Latest version is 1.8.9
2025-04-14 13:24:55 App is up to date.
2025-04-15 07:20:50 Loading main app package /usr/lib/obsidian/obsidian.asar
2025-04-15 07:20:50 Checking for update using Github
2025-04-15 07:20:50 Success.
2025-04-15 07:20:50 Latest version is 1.8.9
2025-04-15 07:20:50 App is up to date.
2025-04-16 07:53:39 Loading main app package /usr/lib/obsidian/obsidian.asar
2025-04-16 07:53:40 Checking for update using Github
2025-04-16 07:53:40 Success.
2025-04-16 07:53:40 Latest version is 1.8.9
2025-04-16 07:53:40 App is up to date.
2025-04-20 20:29:48 Loading main app package /usr/lib/obsidian/obsidian.asar
2025-04-20 20:29:48 Checking for update using Github
2025-04-20 20:29:48 Success.
2025-04-20 20:29:48 Latest version is 1.8.9
2025-04-20 20:29:48 App is up to date.
2025-04-21 10:49:35 Loading main app package /usr/lib/obsidian/obsidian.asar
2025-04-21 10:49:35 Checking for update using Github
2025-04-21 10:49:35 Success.
2025-04-21 10:49:35 Latest version is 1.8.9
2025-04-21 10:49:35 App is up to date.
2025-04-21 12:16:50 Loading main app package /usr/lib/obsidian/obsidian.asar
2025-04-21 12:16:50 Checking for update using Github
2025-04-21 12:16:50 Success.
2025-04-21 12:16:50 Latest version is 1.8.9
2025-04-21 12:16:50 App is up to date.
2025-04-23 12:35:34 Loading main app package /usr/lib/obsidian/obsidian.asar
2025-04-23 12:35:34 Checking for update using Github
2025-04-23 12:35:34 Success.
2025-04-23 12:35:34 Latest version is 1.8.10
2025-04-23 12:35:34 Downloading update from https://github.com/obsidianmd/obsidian-releases/releases/download/v1.8.10/obsidian-1.8.10.asar.gz
2025-04-23 12:35:35 Verifying hash & signature. Size= 8128788
2025-04-23 12:35:35 Saving file
2025-04-23 12:35:35 Update complete.
2025-04-23 13:51:28 Loading updated app package /home/phil/.config/obsidian/obsidian-1.8.10.asar
2025-04-23 13:51:28 Checking for update using Github
2025-04-23 13:51:28 Success.
2025-04-23 13:51:28 Latest version is 1.8.10
2025-04-23 13:51:28 App is up to date.
